<?xml version="1.0" encoding="UTF-8"?>
<testng-results skipped="0" failed="0" ignored="0" total="2" passed="2">
  <reporter-output>
  </reporter-output>
  <suite name="Suite" duration-ms="28786" started-at="2020-04-15T13:59:11Z" finished-at="2020-04-15T13:59:40Z">
    <groups>
    </groups>
    <test name="Test" duration-ms="28786" started-at="2020-04-15T13:59:11Z" finished-at="2020-04-15T13:59:40Z">
      <class name="com.crm.testcases.LoginTest">
        <test-method status="PASS" signature="openbrowser(java.lang.String)[pri:0, instance:com.crm.testcases.LoginTest@34a3d150]" name="openbrowser" is-config="true" duration-ms="20445" started-at="2020-04-15T13:59:11Z" finished-at="2020-04-15T13:59:31Z">
          <params>
            <param index="0">
              <value>
                <![CDATA[chrome]]>
              </value>
            </param>
          </params>
          <reporter-output>
          </reporter-output>
        </test-method> <!-- openbrowser -->
        <test-method status="PASS" signature="login()[pri:1, instance:com.crm.testcases.LoginTest@34a3d150]" name="login" duration-ms="7420" started-at="2020-04-15T13:59:31Z" finished-at="2020-04-15T13:59:39Z">
          <reporter-output>
          </reporter-output>
        </test-method> <!-- login -->
        <test-method status="PASS" signature="verifyusername()[pri:2, instance:com.crm.testcases.LoginTest@34a3d150]" name="verifyusername" duration-ms="77" started-at="2020-04-15T13:59:39Z" finished-at="2020-04-15T13:59:39Z">
          <reporter-output>
          </reporter-output>
        </test-method> <!-- verifyusername -->
      </class> <!-- com.crm.testcases.LoginTest -->
    </test> <!-- Test -->
  </suite> <!-- Suite -->
</testng-results>
